<?xml version="1.0" encoding="UTF-8" ?>

<testsuite failures="0" time="0.036" errors="0" skipped="0" tests="1" name="ClusteringTest">
  <testcase classname="ClusteringTest" name="TestClustering" time="0.036">
      </testcase>
</testsuite>
